{"/Users/andelarwanda/Desktop/Team_project-e-commerce/destructors2/destructors-ec-bn/src/app.js": {"path":"/Users/andelarwanda/Desktop/Team_project-e-commerce/destructors2/destructors-ec-bn/src/app.js","statementMap":{"0":{"start":{"line":8,"column":12},"end":{"line":8,"column":21}},"1":{"start":{"line":9,"column":25},"end":{"line":17,"column":1}},"2":{"start":{"line":10,"column":2},"end":{"line":16,"column":3}},"3":{"start":{"line":11,"column":4},"end":{"line":11,"column":35}},"4":{"start":{"line":12,"column":4},"end":{"line":12,"column":64}},"5":{"start":{"line":14,"column":4},"end":{"line":14,"column":54}},"6":{"start":{"line":15,"column":4},"end":{"line":15,"column":20}},"7":{"start":{"line":19,"column":0},"end":{"line":19,"column":24}},"8":{"start":{"line":21,"column":0},"end":{"line":27,"column":2}},"9":{"start":{"line":28,"column":0},"end":{"line":28,"column":31}},"10":{"start":{"line":29,"column":0},"end":{"line":29,"column":28}},"11":{"start":{"line":31,"column":0},"end":{"line":35,"column":1}},"12":{"start":{"line":32,"column":2},"end":{"line":32,"column":32}},"13":{"start":{"line":34,"column":2},"end":{"line":34,"column":21}}},"fnMap":{"0":{"name":"(anonymous_0)","decl":{"start":{"line":9,"column":25},"end":{"line":9,"column":26}},"loc":{"start":{"line":9,"column":37},"end":{"line":17,"column":1}},"line":9}},"branchMap":{},"s":{"0":1,"1":1,"2":0,"3":0,"4":0,"5":0,"6":0,"7":1,"8":1,"9":1,"10":1,"11":1,"12":1,"13":0},"f":{"0":0},"b":{},"_coverageSchema":"1a1c01bbd47fc00a2c39e90264f33305004495a9","hash":"5889672f9323738544ec4761e26947317699ee14"}
,"/Users/andelarwanda/Desktop/Team_project-e-commerce/destructors2/destructors-ec-bn/src/ validations/signup.validation.js": {"path":"/Users/andelarwanda/Desktop/Team_project-e-commerce/destructors2/destructors-ec-bn/src/ validations/signup.validation.js","statementMap":{"0":{"start":{"line":4,"column":21},"end":{"line":5,"column":49}},"1":{"start":{"line":4,"column":33},"end":{"line":5,"column":49}},"2":{"start":{"line":5,"column":2},"end":{"line":5,"column":49}},"3":{"start":{"line":7,"column":21},"end":{"line":17,"column":2}},"4":{"start":{"line":19,"column":23},"end":{"line":19,"column":49}},"5":{"start":{"line":21,"column":25},"end":{"line":33,"column":1}},"6":{"start":{"line":22,"column":20},"end":{"line":22,"column":44}},"7":{"start":{"line":23,"column":2},"end":{"line":32,"column":3}},"8":{"start":{"line":24,"column":4},"end":{"line":29,"column":7}},"9":{"start":{"line":27,"column":8},"end":{"line":27,"column":52}},"10":{"start":{"line":31,"column":4},"end":{"line":31,"column":11}}},"fnMap":{"0":{"name":"(anonymous_0)","decl":{"start":{"line":4,"column":21},"end":{"line":4,"column":22}},"loc":{"start":{"line":4,"column":33},"end":{"line":5,"column":49}},"line":4},"1":{"name":"(anonymous_1)","decl":{"start":{"line":4,"column":33},"end":{"line":4,"column":34}},"loc":{"start":{"line":5,"column":2},"end":{"line":5,"column":49}},"line":5},"2":{"name":"(anonymous_2)","decl":{"start":{"line":21,"column":25},"end":{"line":21,"column":26}},"loc":{"start":{"line":21,"column":45},"end":{"line":33,"column":1}},"line":21},"3":{"name":"(anonymous_3)","decl":{"start":{"line":26,"column":31},"end":{"line":26,"column":32}},"loc":{"start":{"line":27,"column":8},"end":{"line":27,"column":52}},"line":27}},"branchMap":{"0":{"loc":{"start":{"line":23,"column":2},"end":{"line":32,"column":3}},"type":"if","locations":[{"start":{"line":23,"column":2},"end":{"line":32,"column":3}},{"start":{"line":30,"column":9},"end":{"line":32,"column":3}}],"line":23}},"s":{"0":1,"1":1,"2":2,"3":1,"4":1,"5":1,"6":2,"7":2,"8":1,"9":2,"10":1},"f":{"0":1,"1":2,"2":2,"3":2},"b":{"0":[1,1]},"_coverageSchema":"1a1c01bbd47fc00a2c39e90264f33305004495a9","hash":"eea731c939016bf03c27bb027764a88f503f71e0"}
,"/Users/andelarwanda/Desktop/Team_project-e-commerce/destructors2/destructors-ec-bn/src/config/passport.config.js": {"path":"/Users/andelarwanda/Desktop/Team_project-e-commerce/destructors2/destructors-ec-bn/src/config/passport.config.js","statementMap":{"0":{"start":{"line":5,"column":23},"end":{"line":5,"column":49}},"1":{"start":{"line":7,"column":0},"end":{"line":28,"column":2}},"2":{"start":{"line":13,"column":24},"end":{"line":15,"column":8}},"3":{"start":{"line":16,"column":6},"end":{"line":25,"column":7}},"4":{"start":{"line":17,"column":8},"end":{"line":17,"column":26}},"5":{"start":{"line":19,"column":22},"end":{"line":19,"column":76}},"6":{"start":{"line":20,"column":8},"end":{"line":24,"column":9}},"7":{"start":{"line":21,"column":10},"end":{"line":21,"column":28}},"8":{"start":{"line":23,"column":10},"end":{"line":23,"column":39}},"9":{"start":{"line":30,"column":0},"end":{"line":30,"column":57}},"10":{"start":{"line":30,"column":39},"end":{"line":30,"column":55}},"11":{"start":{"line":31,"column":0},"end":{"line":31,"column":59}},"12":{"start":{"line":31,"column":41},"end":{"line":31,"column":57}}},"fnMap":{"0":{"name":"(anonymous_0)","decl":{"start":{"line":12,"column":4},"end":{"line":12,"column":5}},"loc":{"start":{"line":12,"column":37},"end":{"line":26,"column":5}},"line":12},"1":{"name":"(anonymous_1)","decl":{"start":{"line":30,"column":23},"end":{"line":30,"column":24}},"loc":{"start":{"line":30,"column":39},"end":{"line":30,"column":55}},"line":30},"2":{"name":"(anonymous_2)","decl":{"start":{"line":31,"column":25},"end":{"line":31,"column":26}},"loc":{"start":{"line":31,"column":41},"end":{"line":31,"column":57}},"line":31}},"branchMap":{"0":{"loc":{"start":{"line":16,"column":6},"end":{"line":25,"column":7}},"type":"if","locations":[{"start":{"line":16,"column":6},"end":{"line":25,"column":7}},{"start":{"line":18,"column":13},"end":{"line":25,"column":7}}],"line":16},"1":{"loc":{"start":{"line":20,"column":8},"end":{"line":24,"column":9}},"type":"if","locations":[{"start":{"line":20,"column":8},"end":{"line":24,"column":9}},{"start":{"line":22,"column":15},"end":{"line":24,"column":9}}],"line":20}},"s":{"0":1,"1":1,"2":0,"3":0,"4":0,"5":0,"6":0,"7":0,"8":0,"9":1,"10":0,"11":1,"12":0},"f":{"0":0,"1":0,"2":0},"b":{"0":[0,0],"1":[0,0]},"_coverageSchema":"1a1c01bbd47fc00a2c39e90264f33305004495a9","hash":"daa07dfc3e99103963371f646a04aaf430f84f5d"}
,"/Users/andelarwanda/Desktop/Team_project-e-commerce/destructors2/destructors-ec-bn/src/controllers/user.controller.js": {"path":"/Users/andelarwanda/Desktop/Team_project-e-commerce/destructors2/destructors-ec-bn/src/controllers/user.controller.js","statementMap":{"0":{"start":{"line":4,"column":21},"end":{"line":25,"column":1}},"1":{"start":{"line":5,"column":2},"end":{"line":24,"column":3}},"2":{"start":{"line":6,"column":69},"end":{"line":6,"column":77}},"3":{"start":{"line":8,"column":21},"end":{"line":15,"column":5}},"4":{"start":{"line":16,"column":18},"end":{"line":16,"column":41}},"5":{"start":{"line":17,"column":21},"end":{"line":17,"column":45}},"6":{"start":{"line":18,"column":4},"end":{"line":20,"column":80}},"7":{"start":{"line":22,"column":4},"end":{"line":22,"column":23}},"8":{"start":{"line":23,"column":4},"end":{"line":23,"column":72}}},"fnMap":{"0":{"name":"(anonymous_0)","decl":{"start":{"line":4,"column":21},"end":{"line":4,"column":22}},"loc":{"start":{"line":4,"column":41},"end":{"line":25,"column":1}},"line":4}},"branchMap":{},"s":{"0":1,"1":1,"2":1,"3":1,"4":1,"5":1,"6":1,"7":0,"8":0},"f":{"0":1},"b":{},"_coverageSchema":"1a1c01bbd47fc00a2c39e90264f33305004495a9","hash":"eaaa9acefd005f608db1c63937bdf4ba8a6905a5"}
,"/Users/andelarwanda/Desktop/Team_project-e-commerce/destructors2/destructors-ec-bn/src/database/config/config.js": {"path":"/Users/andelarwanda/Desktop/Team_project-e-commerce/destructors2/destructors-ec-bn/src/database/config/config.js","statementMap":{"0":{"start":{"line":1,"column":0},"end":{"line":1,"column":27}},"1":{"start":{"line":3,"column":0},"end":{"line":16,"column":2}}},"fnMap":{},"branchMap":{},"s":{"0":1,"1":1},"f":{},"b":{},"_coverageSchema":"1a1c01bbd47fc00a2c39e90264f33305004495a9","hash":"2647efb626850a3ffd3c2b861e7530b9c52b3cc7"}
,"/Users/andelarwanda/Desktop/Team_project-e-commerce/destructors2/destructors-ec-bn/src/database/models/index.js": {"path":"/Users/andelarwanda/Desktop/Team_project-e-commerce/destructors2/destructors-ec-bn/src/database/models/index.js","statementMap":{"0":{"start":{"line":1,"column":11},"end":{"line":1,"column":24}},"1":{"start":{"line":2,"column":13},"end":{"line":2,"column":28}},"2":{"start":{"line":3,"column":18},"end":{"line":3,"column":38}},"3":{"start":{"line":4,"column":19},"end":{"line":4,"column":46}},"4":{"start":{"line":5,"column":17},"end":{"line":5,"column":42}},"5":{"start":{"line":6,"column":12},"end":{"line":6,"column":49}},"6":{"start":{"line":7,"column":15},"end":{"line":7,"column":30}},"7":{"start":{"line":8,"column":11},"end":{"line":8,"column":13}},"8":{"start":{"line":10,"column":0},"end":{"line":19,"column":1}},"9":{"start":{"line":11,"column":2},"end":{"line":11,"column":48}},"10":{"start":{"line":13,"column":2},"end":{"line":18,"column":4}},"11":{"start":{"line":20,"column":0},"end":{"line":32,"column":5}},"12":{"start":{"line":22,"column":4},"end":{"line":24,"column":6}},"13":{"start":{"line":27,"column":18},"end":{"line":30,"column":5}},"14":{"start":{"line":31,"column":4},"end":{"line":31,"column":27}},"15":{"start":{"line":33,"column":0},"end":{"line":37,"column":3}},"16":{"start":{"line":34,"column":2},"end":{"line":36,"column":3}},"17":{"start":{"line":35,"column":4},"end":{"line":35,"column":32}},"18":{"start":{"line":38,"column":0},"end":{"line":38,"column":25}},"19":{"start":{"line":39,"column":0},"end":{"line":39,"column":25}},"20":{"start":{"line":40,"column":0},"end":{"line":40,"column":20}}},"fnMap":{"0":{"name":"(anonymous_0)","decl":{"start":{"line":21,"column":10},"end":{"line":21,"column":11}},"loc":{"start":{"line":21,"column":20},"end":{"line":25,"column":3}},"line":21},"1":{"name":"(anonymous_1)","decl":{"start":{"line":26,"column":11},"end":{"line":26,"column":12}},"loc":{"start":{"line":26,"column":21},"end":{"line":32,"column":3}},"line":26},"2":{"name":"(anonymous_2)","decl":{"start":{"line":33,"column":24},"end":{"line":33,"column":25}},"loc":{"start":{"line":33,"column":39},"end":{"line":37,"column":1}},"line":33}},"branchMap":{"0":{"loc":{"start":{"line":6,"column":12},"end":{"line":6,"column":49}},"type":"binary-expr","locations":[{"start":{"line":6,"column":12},"end":{"line":6,"column":32}},{"start":{"line":6,"column":36},"end":{"line":6,"column":49}}],"line":6},"1":{"loc":{"start":{"line":10,"column":0},"end":{"line":19,"column":1}},"type":"if","locations":[{"start":{"line":10,"column":0},"end":{"line":19,"column":1}},{"start":{"line":12,"column":7},"end":{"line":19,"column":1}}],"line":10},"2":{"loc":{"start":{"line":23,"column":6},"end":{"line":23,"column":78}},"type":"binary-expr","locations":[{"start":{"line":23,"column":6},"end":{"line":23,"column":29}},{"start":{"line":23,"column":33},"end":{"line":23,"column":50}},{"start":{"line":23,"column":54},"end":{"line":23,"column":78}}],"line":23},"3":{"loc":{"start":{"line":34,"column":2},"end":{"line":36,"column":3}},"type":"if","locations":[{"start":{"line":34,"column":2},"end":{"line":36,"column":3}},{"start":{},"end":{}}],"line":34}},"s":{"0":1,"1":1,"2":1,"3":1,"4":1,"5":1,"6":1,"7":1,"8":1,"9":1,"10":0,"11":1,"12":2,"13":1,"14":1,"15":1,"16":1,"17":1,"18":1,"19":1,"20":1},"f":{"0":2,"1":1,"2":1},"b":{"0":[1,0],"1":[1,0],"2":[2,2,1],"3":[1,0]},"_coverageSchema":"1a1c01bbd47fc00a2c39e90264f33305004495a9","hash":"41f48ef639c5bea59cf4cee5871e8915d5e367b4"}
,"/Users/andelarwanda/Desktop/Team_project-e-commerce/destructors2/destructors-ec-bn/src/database/models/user.js": {"path":"/Users/andelarwanda/Desktop/Team_project-e-commerce/destructors2/destructors-ec-bn/src/database/models/user.js","statementMap":{"0":{"start":{"line":1,"column":18},"end":{"line":1,"column":38}},"1":{"start":{"line":2,"column":22},"end":{"line":2,"column":34}},"2":{"start":{"line":4,"column":0},"end":{"line":40,"column":2}},"3":{"start":{"line":8,"column":2},"end":{"line":38,"column":4}},"4":{"start":{"line":39,"column":2},"end":{"line":39,"column":14}}},"fnMap":{"0":{"name":"(anonymous_0)","decl":{"start":{"line":4,"column":17},"end":{"line":4,"column":18}},"loc":{"start":{"line":4,"column":43},"end":{"line":40,"column":1}},"line":4},"1":{"name":"(anonymous_1)","decl":{"start":{"line":6,"column":4},"end":{"line":6,"column":5}},"loc":{"start":{"line":6,"column":29},"end":{"line":6,"column":31}},"line":6}},"branchMap":{},"s":{"0":1,"1":1,"2":1,"3":1,"4":1},"f":{"0":1,"1":1},"b":{},"_coverageSchema":"1a1c01bbd47fc00a2c39e90264f33305004495a9","hash":"25ae9986a7502b028b4dfb79ff54c62a457db004"}
,"/Users/andelarwanda/Desktop/Team_project-e-commerce/destructors2/destructors-ec-bn/src/middlewares/isLoggedIn.js": {"path":"/Users/andelarwanda/Desktop/Team_project-e-commerce/destructors2/destructors-ec-bn/src/middlewares/isLoggedIn.js","statementMap":{"0":{"start":{"line":2,"column":17},"end":{"line":4,"column":5}},"1":{"start":{"line":3,"column":4},"end":{"line":3,"column":43}}},"fnMap":{"0":{"name":"(anonymous_0)","decl":{"start":{"line":2,"column":17},"end":{"line":2,"column":18}},"loc":{"start":{"line":2,"column":33},"end":{"line":4,"column":5}},"line":2}},"branchMap":{"0":{"loc":{"start":{"line":3,"column":4},"end":{"line":3,"column":42}},"type":"cond-expr","locations":[{"start":{"line":3,"column":15},"end":{"line":3,"column":21}},{"start":{"line":3,"column":23},"end":{"line":3,"column":42}}],"line":3}},"s":{"0":1,"1":2},"f":{"0":2},"b":{"0":[0,2]},"_coverageSchema":"1a1c01bbd47fc00a2c39e90264f33305004495a9","hash":"8b6e8825a014961af34f382f3a97ffce576f61a6"}
,"/Users/andelarwanda/Desktop/Team_project-e-commerce/destructors2/destructors-ec-bn/src/middlewares/isProtected.js": {"path":"/Users/andelarwanda/Desktop/Team_project-e-commerce/destructors2/destructors-ec-bn/src/middlewares/isProtected.js","statementMap":{"0":{"start":{"line":3,"column":18},"end":{"line":6,"column":1}},"1":{"start":{"line":4,"column":4},"end":{"line":4,"column":69}},"2":{"start":{"line":5,"column":4},"end":{"line":5,"column":25}}},"fnMap":{"0":{"name":"(anonymous_0)","decl":{"start":{"line":3,"column":18},"end":{"line":3,"column":19}},"loc":{"start":{"line":3,"column":29},"end":{"line":6,"column":1}},"line":3}},"branchMap":{},"s":{"0":1,"1":0,"2":0},"f":{"0":0},"b":{},"_coverageSchema":"1a1c01bbd47fc00a2c39e90264f33305004495a9","hash":"9489ed2def452beab4c82caa84421097a625000f"}
,"/Users/andelarwanda/Desktop/Team_project-e-commerce/destructors2/destructors-ec-bn/src/middlewares/userNotValid.js": {"path":"/Users/andelarwanda/Desktop/Team_project-e-commerce/destructors2/destructors-ec-bn/src/middlewares/userNotValid.js","statementMap":{"0":{"start":{"line":1,"column":15},"end":{"line":3,"column":1}},"1":{"start":{"line":2,"column":4},"end":{"line":2,"column":37}}},"fnMap":{"0":{"name":"(anonymous_0)","decl":{"start":{"line":1,"column":15},"end":{"line":1,"column":16}},"loc":{"start":{"line":1,"column":26},"end":{"line":3,"column":1}},"line":1}},"branchMap":{},"s":{"0":1,"1":1},"f":{"0":1},"b":{},"_coverageSchema":"1a1c01bbd47fc00a2c39e90264f33305004495a9","hash":"6e15b466e894a46c7b403dd0023316387122935f"}
,"/Users/andelarwanda/Desktop/Team_project-e-commerce/destructors2/destructors-ec-bn/src/middlewares/verifyUser.js": {"path":"/Users/andelarwanda/Desktop/Team_project-e-commerce/destructors2/destructors-ec-bn/src/middlewares/verifyUser.js","statementMap":{"0":{"start":{"line":1,"column":17},"end":{"line":1,"column":46}},"1":{"start":{"line":3,"column":19},"end":{"line":13,"column":1}},"2":{"start":{"line":4,"column":17},"end":{"line":4,"column":73}},"3":{"start":{"line":5,"column":2},"end":{"line":5,"column":20}},"4":{"start":{"line":6,"column":2},"end":{"line":10,"column":3}},"5":{"start":{"line":7,"column":4},"end":{"line":9,"column":64}},"6":{"start":{"line":12,"column":2},"end":{"line":12,"column":9}}},"fnMap":{"0":{"name":"(anonymous_0)","decl":{"start":{"line":3,"column":19},"end":{"line":3,"column":20}},"loc":{"start":{"line":3,"column":45},"end":{"line":13,"column":1}},"line":3}},"branchMap":{"0":{"loc":{"start":{"line":6,"column":2},"end":{"line":10,"column":3}},"type":"if","locations":[{"start":{"line":6,"column":2},"end":{"line":10,"column":3}},{"start":{},"end":{}}],"line":6}},"s":{"0":1,"1":1,"2":1,"3":1,"4":1,"5":0,"6":1},"f":{"0":1},"b":{"0":[0,1]},"_coverageSchema":"1a1c01bbd47fc00a2c39e90264f33305004495a9","hash":"3da3e1592dd971dbc2b9bca3fbb3238c9a6acf48"}
,"/Users/andelarwanda/Desktop/Team_project-e-commerce/destructors2/destructors-ec-bn/src/routes/index.js": {"path":"/Users/andelarwanda/Desktop/Team_project-e-commerce/destructors2/destructors-ec-bn/src/routes/index.js","statementMap":{"0":{"start":{"line":4,"column":15},"end":{"line":4,"column":31}},"1":{"start":{"line":5,"column":0},"end":{"line":5,"column":27}},"2":{"start":{"line":6,"column":0},"end":{"line":6,"column":30}}},"fnMap":{},"branchMap":{},"s":{"0":1,"1":1,"2":1},"f":{},"b":{},"_coverageSchema":"1a1c01bbd47fc00a2c39e90264f33305004495a9","hash":"8699c830e861b6befd200023082982cb428a5c3c"}
,"/Users/andelarwanda/Desktop/Team_project-e-commerce/destructors2/destructors-ec-bn/src/routes/api/user.routes.js": {"path":"/Users/andelarwanda/Desktop/Team_project-e-commerce/destructors2/destructors-ec-bn/src/routes/api/user.routes.js","statementMap":{"0":{"start":{"line":5,"column":14},"end":{"line":5,"column":22}},"1":{"start":{"line":7,"column":0},"end":{"line":7,"column":66}}},"fnMap":{},"branchMap":{},"s":{"0":1,"1":1},"f":{},"b":{},"_coverageSchema":"1a1c01bbd47fc00a2c39e90264f33305004495a9","hash":"6c9054e8be830118f4fe644544d7ca5f53d82f3a"}
,"/Users/andelarwanda/Desktop/Team_project-e-commerce/destructors2/destructors-ec-bn/src/routes/api/userLogin.routes.js": {"path":"/Users/andelarwanda/Desktop/Team_project-e-commerce/destructors2/destructors-ec-bn/src/routes/api/userLogin.routes.js","statementMap":{"0":{"start":{"line":6,"column":13},"end":{"line":6,"column":21}},"1":{"start":{"line":8,"column":0},"end":{"line":10,"column":2}},"2":{"start":{"line":9,"column":4},"end":{"line":9,"column":84}},"3":{"start":{"line":12,"column":0},"end":{"line":14,"column":30}},"4":{"start":{"line":17,"column":0},"end":{"line":19,"column":44}},"5":{"start":{"line":22,"column":0},"end":{"line":22,"column":47}},"6":{"start":{"line":23,"column":0},"end":{"line":23,"column":31}},"7":{"start":{"line":24,"column":0},"end":{"line":29,"column":5}},"8":{"start":{"line":25,"column":4},"end":{"line":28,"column":7}},"9":{"start":{"line":26,"column":6},"end":{"line":26,"column":36}},"10":{"start":{"line":26,"column":17},"end":{"line":26,"column":34}},"11":{"start":{"line":27,"column":6},"end":{"line":27,"column":31}}},"fnMap":{"0":{"name":"(anonymous_0)","decl":{"start":{"line":8,"column":15},"end":{"line":8,"column":16}},"loc":{"start":{"line":8,"column":26},"end":{"line":10,"column":1}},"line":8},"1":{"name":"(anonymous_1)","decl":{"start":{"line":24,"column":22},"end":{"line":24,"column":23}},"loc":{"start":{"line":24,"column":34},"end":{"line":29,"column":3}},"line":24},"2":{"name":"(anonymous_2)","decl":{"start":{"line":25,"column":15},"end":{"line":25,"column":16}},"loc":{"start":{"line":25,"column":29},"end":{"line":28,"column":5}},"line":25}},"branchMap":{"0":{"loc":{"start":{"line":26,"column":6},"end":{"line":26,"column":36}},"type":"if","locations":[{"start":{"line":26,"column":6},"end":{"line":26,"column":36}},{"start":{},"end":{}}],"line":26}},"s":{"0":1,"1":1,"2":1,"3":1,"4":1,"5":1,"6":1,"7":1,"8":0,"9":0,"10":0,"11":0},"f":{"0":1,"1":0,"2":0},"b":{"0":[0,0]},"_coverageSchema":"1a1c01bbd47fc00a2c39e90264f33305004495a9","hash":"54e4f3f8cbaafcfa63b0f937196b10d2b462c192"}
,"/Users/andelarwanda/Desktop/Team_project-e-commerce/destructors2/destructors-ec-bn/src/services/googleAuth.js": {"path":"/Users/andelarwanda/Desktop/Team_project-e-commerce/destructors2/destructors-ec-bn/src/services/googleAuth.js","statementMap":{"0":{"start":{"line":7,"column":0},"end":{"line":7,"column":8}},"1":{"start":{"line":8,"column":0},"end":{"line":41,"column":3}},"2":{"start":{"line":15,"column":4},"end":{"line":39,"column":7}},"3":{"start":{"line":24,"column":29},"end":{"line":24,"column":97}},"4":{"start":{"line":25,"column":28},"end":{"line":32,"column":29}},"5":{"start":{"line":27,"column":61},"end":{"line":27,"column":73}},"6":{"start":{"line":28,"column":45},"end":{"line":28,"column":67}},"7":{"start":{"line":29,"column":28},"end":{"line":29,"column":49}},"8":{"start":{"line":30,"column":14},"end":{"line":30,"column":32}},"9":{"start":{"line":31,"column":32},"end":{"line":31,"column":64}},"10":{"start":{"line":38,"column":8},"end":{"line":38,"column":25}},"11":{"start":{"line":42,"column":0},"end":{"line":44,"column":5}},"12":{"start":{"line":43,"column":4},"end":{"line":43,"column":27}},"13":{"start":{"line":51,"column":2},"end":{"line":55,"column":5}},"14":{"start":{"line":52,"column":4},"end":{"line":54,"column":31}},"15":{"start":{"line":53,"column":20},"end":{"line":53,"column":36}},"16":{"start":{"line":54,"column":20},"end":{"line":54,"column":29}}},"fnMap":{"0":{"name":"(anonymous_0)","decl":{"start":{"line":14,"column":2},"end":{"line":14,"column":3}},"loc":{"start":{"line":14,"column":62},"end":{"line":40,"column":3}},"line":14},"1":{"name":"(anonymous_1)","decl":{"start":{"line":42,"column":23},"end":{"line":42,"column":24}},"loc":{"start":{"line":42,"column":39},"end":{"line":44,"column":3}},"line":42},"2":{"name":"(anonymous_2)","decl":{"start":{"line":51,"column":27},"end":{"line":51,"column":28}},"loc":{"start":{"line":51,"column":44},"end":{"line":55,"column":3}},"line":51},"3":{"name":"(anonymous_3)","decl":{"start":{"line":53,"column":12},"end":{"line":53,"column":13}},"loc":{"start":{"line":53,"column":20},"end":{"line":53,"column":36}},"line":53},"4":{"name":"(anonymous_4)","decl":{"start":{"line":54,"column":13},"end":{"line":54,"column":14}},"loc":{"start":{"line":54,"column":20},"end":{"line":54,"column":29}},"line":54}},"branchMap":{"0":{"loc":{"start":{"line":25,"column":28},"end":{"line":32,"column":29}},"type":"if","locations":[{"start":{"line":25,"column":28},"end":{"line":32,"column":29}},{"start":{},"end":{}}],"line":25}},"s":{"0":1,"1":1,"2":0,"3":0,"4":0,"5":0,"6":0,"7":0,"8":0,"9":0,"10":0,"11":1,"12":0,"13":1,"14":0,"15":0,"16":0},"f":{"0":0,"1":0,"2":0,"3":0,"4":0},"b":{"0":[0,0]},"_coverageSchema":"1a1c01bbd47fc00a2c39e90264f33305004495a9","hash":"27bdd834ea1ec3e653597709500236804e84a979"}
,"/Users/andelarwanda/Desktop/Team_project-e-commerce/destructors2/destructors-ec-bn/src/services/user.service.js": {"path":"/Users/andelarwanda/Desktop/Team_project-e-commerce/destructors2/destructors-ec-bn/src/services/user.service.js","statementMap":{"0":{"start":{"line":4,"column":17},"end":{"line":4,"column":46}},"1":{"start":{"line":6,"column":17},"end":{"line":16,"column":1}},"2":{"start":{"line":7,"column":67},"end":{"line":7,"column":71}},"3":{"start":{"line":8,"column":15},"end":{"line":15,"column":4}}},"fnMap":{"0":{"name":"(anonymous_0)","decl":{"start":{"line":6,"column":17},"end":{"line":6,"column":18}},"loc":{"start":{"line":6,"column":33},"end":{"line":16,"column":1}},"line":6}},"branchMap":{},"s":{"0":1,"1":1,"2":1,"3":1},"f":{"0":1},"b":{},"_coverageSchema":"1a1c01bbd47fc00a2c39e90264f33305004495a9","hash":"f494077662fd4b3fa5a4f27b4f83368421ca30da"}
,"/Users/andelarwanda/Desktop/Team_project-e-commerce/destructors2/destructors-ec-bn/src/utils/bcrypt.js": {"path":"/Users/andelarwanda/Desktop/Team_project-e-commerce/destructors2/destructors-ec-bn/src/utils/bcrypt.js","statementMap":{"0":{"start":{"line":1,"column":15},"end":{"line":1,"column":32}},"1":{"start":{"line":2,"column":47},"end":{"line":2,"column":66}},"2":{"start":{"line":4,"column":15},"end":{"line":7,"column":2}},"3":{"start":{"line":10,"column":20},"end":{"line":10,"column":40}},"4":{"start":{"line":11,"column":20},"end":{"line":11,"column":45}},"5":{"start":{"line":12,"column":4},"end":{"line":12,"column":19}},"6":{"start":{"line":16,"column":22},"end":{"line":16,"column":49}},"7":{"start":{"line":17,"column":4},"end":{"line":17,"column":21}},"8":{"start":{"line":20,"column":0},"end":{"line":20,"column":40}}},"fnMap":{"0":{"name":"(anonymous_0)","decl":{"start":{"line":9,"column":2},"end":{"line":9,"column":3}},"loc":{"start":{"line":9,"column":22},"end":{"line":13,"column":3}},"line":9},"1":{"name":"(anonymous_1)","decl":{"start":{"line":15,"column":2},"end":{"line":15,"column":3}},"loc":{"start":{"line":15,"column":33},"end":{"line":18,"column":3}},"line":15}},"branchMap":{},"s":{"0":1,"1":1,"2":1,"3":1,"4":1,"5":1,"6":0,"7":0,"8":1},"f":{"0":1,"1":0},"b":{},"_coverageSchema":"1a1c01bbd47fc00a2c39e90264f33305004495a9","hash":"65d519981fbed1887e8af386924178fe302e2280"}
,"/Users/andelarwanda/Desktop/Team_project-e-commerce/destructors2/destructors-ec-bn/src/utils/generateToken.js": {"path":"/Users/andelarwanda/Desktop/Team_project-e-commerce/destructors2/destructors-ec-bn/src/utils/generateToken.js","statementMap":{"0":{"start":{"line":4,"column":22},"end":{"line":7,"column":1}},"1":{"start":{"line":5,"column":16},"end":{"line":5,"column":67}},"2":{"start":{"line":6,"column":2},"end":{"line":6,"column":15}}},"fnMap":{"0":{"name":"(anonymous_0)","decl":{"start":{"line":4,"column":22},"end":{"line":4,"column":23}},"loc":{"start":{"line":4,"column":41},"end":{"line":7,"column":1}},"line":4}},"branchMap":{},"s":{"0":1,"1":1,"2":1},"f":{"0":1},"b":{},"_coverageSchema":"1a1c01bbd47fc00a2c39e90264f33305004495a9","hash":"82aea2dcab5acb49e48dedbae251b46247e7c5e9"}
}
